[    0.000000] Initializing cgroup subsys cpuset
[    0.000000] Initializing cgroup subsys cpu
[    0.000000] Initializing cgroup subsys cpuacct
[    0.000000] Linux version 4.4.0-131-generic (buildd@lgw01-amd64-015) (gcc version 5.4.0 20160609 (Ubuntu 5.4.0-6ubuntu1~16.04.10) ) #157-Ubuntu SMP Thu Jul 12 15:51:36 UTC 2018 (Ubuntu 4.4.0-131.157-generic 4.4.134)
[   .000000] Command line: BOOT_IMAGE=/boot/vmlinuz-4.4.0-131-generic root=LABEL=cloudimg-rootfs ro console=tty1 console=ttyS0
[    0.000000] KERNEL supported cpus:
[    0.000000]   Intel GenuineIntel
[    0.000000]   AMD AuthenticAMD
[    0.000000]   Centaur CentaurHauls
[    0.000000] x86/fpu: xstate_offset[2]:  576, xstate_sizes[2]:  256
[    0.000000] x86/fpu: Supporting XSAVE feature 0x01: 'x87 floating point registers'
[    0.000000] x86/fpu: Supporting XSAVE feature 0x02: 'SSE registers'
[    0.000000] x86/fpu: Supporting XSAVE feature 0x04: 'AVX registers'
[    0.000000] x86/fpu: Enabled xstate features 0x7, context size is 832 bytes, using 'standard' format.
[    0.000000] x86/fpu: Using 'eager' FPU context switches.
[    0.0000] e20: BIOS-provided physical RAM map:
[    0.000000] BIOS-e820: [mem 0x0000000000000000-0x000000000009fbff] usable
[    0.000000] BIOS-e820: [mem 0x000000000009fc00-0x000000000009ffff] reserved
[    0.000000] BIOS-e820: [mem 0x00000000000f0000-0x00000000000fffff] reserved
[    0.000000] BIOS-e820: [mem 0x0000000000100000-0x000000007ffeffff] usable
[    0.000000] BIOS-e820: [mem 0x000000007fff0000-0x000000007fffffff] ACPI data
[    0.000000] BIOS-e820: [mem 0x00000000fec00000-0x00000000fec00fff] reserved
[    0.000000] BIOS-e820: [mem 0x00000000fee00000-0x00000000fee00fff] reserved
[    0.000000] BIOS-e820: [mem 0x00000000ff00000x0000000ffffffff] reserved
[    0.000000] NX (Execute Disable) protection: active
[    0.000000] SMBIOS 2.5 present.
[    0.000000] Hypervisor detected: KVM
[    0.000000] e820: last_pfn = 0x7fff0 max_arch_pfn = 0x400000000
[    0.000000] MTRR: Disabled
[    0.000000] x86/PAT: MTRRs disabled, skipping PAT initialization too.
[    0.000000] CPU MTRRs all blank - virtualized system.
[    0.000000] x86/PAT: Configuration [0-7]: WB  WT  UC UC  WB  WT  UC- UC  
[    0.000000] found SMP MP-table at [mem 0x0009fff0-0x0009ffff mappedat[fff88000009fff0]
[    000000] Scanning 1 areas for low memory corruption
[   .00000] RAMDISK: [mem 0x361ec000-0x370edfff]
[    0.000000] ACPI: Early table checksum verification disabled
[    0.000000] ACPI: RSDP 0x00000000000E0000 000024 (02VBX  )
[   .00000] ACPI: XSDT 0x000000007FFF0030 00003C (v01 VBOX   VBOXXSDT 00000001 ASL  00000061)
[    0.000000] ACPI: FACP 0x000000007FFF00F0 0000F4 (v04 VBOX   VBOXFACP 00000001 ASL  00000061)
[    0.000000] ACPI: DSDT 0x000000007FFF0470 0021FF (v02 VBOX   VBOXBIOS 00000002 INTL 20100528)
[    0.000000] ACPI: FACS 0x000000007FFF0200 000040
[    0.000000] ACPI: FACS 0x000000007FFF0200 000040
[    0.000000] ACPI: APIC 0x000000007FFF0240 00005C (v02 VBOX   VBOXAPIC 00000001 ASL  00000061)
[    0.000000] ACPI: SSDT 0x000000007FFF02A0 0001CC (v01 VBOX   VBOXCPUT 00000002 INTL 20100528)
[    .00000] No NUMA configuration found
[    0.000000] Faking a node at [mem 0x0000000000000000-0x000000007ffeffff]
[    0.000000] NODE_DATA(0) allocated [mem 0x7ffeb000-0x7ffeffff]
[    0.000000] kvm-cclock: Using msrs 4b564d01 and 4b564d00
[    0.000000] kvm-clock: cpu 0, msr 0:7ffe3001, primary cpu clock
[   .00000] kvm-clock: using sched offset of 4453458471 cycles
[    0.000000] clocksource: kvm-clock: mask: 0xffffffffffffffff max_cycles: 0x1cd42e4dffb, max_idle_ns: 881590591483 ns
[    0.000000] Zone ranges:
[    0.000000]   DMA      [mem 0x0000000000001000-0x0000000000ffffff]
[    0.000000]   DMA32    [mem 0x0000000001000000-0x000000007ffeffff]
[    0.000000]   Normal   empty
[    0.000000]   Device   empty
[    0.000000] Movable zone start for each node
[    0.000000] Early memory node ranges
[    0.000000]   node   0: [mem 0x0000000000001000-0x000000000009efff]
[    0.000000]   node   0: [mem 0x0000000000100000-0x000000007ffeffff]
[    0.000000] Initmem setup node 0 [mem 0x0000000000001000-0x000000007ffeffff]
[    0.000000] ACPI: PM-Timer IO Port: 0x4008
[    0.000000] IOAPIC[0]: apic_id 2, version 32, address 0xfec00000, GSI 0-23
[    0.000000] ACPI: INT_SRC_OVR (bus 0 bus_irq 0 global_irq 2 dfl dfl)
[    0.000000] ACPI: INT_SRC_OVR (bus 0 bus_irq 9 global_irq 9 low level)
[   0.000000] Using ACPI (MADT) for SMP configuration information
[    0.000000] smpboot: Allowing 2 CPUs, 0 hotplug CPUs
[    0.000000] PM: Registered nosave memory: [mem 0x00000000-0x00000fff]
[    0.000000] PM: Registered nosave memory: [mem 0x0009f000-0x0009ffff]
[    0.000000] PM: Registered nosave memory: [mem 0x000a0000-0x000effff]
[    0.000000] PM: Registered nosave memory: [mem 0x000f0000-0x000fffff]
[    0.000000] e820: [mem 0x80000000-0xfebfffff] available for PCI devices
[    0.000000] Booting paravirtualized kernel on KVM
[    0.000000] clocksource: refined-jiffies: mask: 0xffffffff max_cycles: 0xffffffff, max_idle_ns: 7645519600211568 ns
[    0.000000] setup_percpu: NR_CPUS:512 nr_cpumask_bits:512 nr_cpu_ids:2 nr_node_ids:1
[    0.000000] PERCPU: Embedded 34 pages/cpu @ffff88007fc00000 s99544 r8192 d31528 u1048576
[    0.000000] PV qspinlock hash table entries: 256 (order: 0, 4096 bytes)
[    0.000000] Built 1 zonelists in Node order, mobility grouping on.  Total pages: 515960
[    0.000000] Policy zone: DMA32
[    0.000000] Kernel command line: BOOT_IMAGE=/boot/vmlinuz-4.4.0-131-generic root=LABEL=cloudimg-rootfs ro console=tty1 console=ttyS0
[    0.000000] PID hash table entries: 4096 (order: 3, 32768 bytes)
[    0.000000] Memory: 2029340K/2096696K available (8546K kernel code, 1313K rwdata, 4000K rodata, 1516K init, 1316K bss, 67356K reserved, 0K cma-reserved)
[    0.000000] SLUB: HWalign=64, Order=0-3, MinObjects=0, CPUs=2, Nodes=1
[    0.000000] Kernel/User page tables isolation: enabled
[    0.000000] Hierarchical RCU implementation.
[    0.000000] 	Build-time adjustment of leaf fanout to 64.
[    0.000000] 	RCU restricting CPUs from NR_CPUS=512 to nr_cpu_ids=2.
[    0.000000] RCU: Adjusting geometry for rcu_fanout_leaf=64, nr_cpu_ids=2
[    0.000000] NR_IRQS:33024 nr_irqs:440 16
[    0.000000] Console: colour VGA+ 80x25
[    0.000000] console [tty1] enabled
[    0.000000] console [ttyS0] enabled
[    0.000000] tsc: Detected 2494.316 MHz processor
[    1.092013] Calibrating delay loop (skipped) preset value.. 4988.63 BogoMIPS (lpj=9977264)
[    1.104834] pid_max: default: 32768 minimum: 301
[    1.109889] ACPI: Core revision 20150930
[    1.113918] ACPI: 2 ACPI AML tables successfully acquired and loaded
[    1.122219] Security Framework initialized
[    1.125729] Yama: becoming mindful.
[    1.133952] AppArmor: AppArmor initialized
[    1.140666] Dentry cache hash table entries: 262144 (order: 9, 2097152 bytes)
[    1.143584] Inode-cache hash table entries: 131072 (order: 8, 1048576 bytes)
[    1.149240] Mount-cache hash table entries: 4096 (order: 3, 32768 bytes)
[    1.154567] Mountpoint-cache hash table entries: 4096 (order: 3, 32768 bytes)
[    1.158982] Initializing cgroup subsys io
[    1.161651] Initializing cgroup subsys memory
[    1.165994] Initializing cgroup subsys devices
[    1.170025] Initializing cgroup subsys freezer
[    1.174257] Initializing cgroup subsys net_cls
[    1.178451] Initializing cgroup subsys perf_event
[    1.185453] Initializing cgroup subsys net_prio
[    1.189761] Initializing cgroup subsys hugetlb
[    1.193822] Initializing cgroup subsys pids
[    1.195408] CPU: Physical Processor ID: 0
[    1.198025] CPU: Processor Core ID: 0
[    1.202117] mce: CPU supports 0 MCE banks
[    1.205773] Last level iTLB entries: 4KB 512, 2MB 8, 4MB 8
[    1.209911] Last level dTLB entries: 4KB 512, 2MB 32, 4MB 32, 1GB 0
[    1.212273] Spectre V2 : Mitigation: Full generic retpoline
[    1.221260] Spectre V2 : Speculation control IBPB not-supported IBRS not-supported
[    1.226895] Speculative Store Bypass: Vulnerable
[    1.233134] Freeing SMP alternatives memory: 32K
[    1.246945] ftrace: allocating 32245 entries in 126 pages
[    1.314790] smpboot: APIC(0) Converting physical 0 to logical package 0
[    1.318826] smpboot: Max logical packages: 1
[    1.322082] x2apic enabled
[    1.325699] Switched APIC routing to physical x2apic.
[    1.331458] ..TIMER: vector=0x30 apic1=0 pin1=2 apic2=-1 pin2=-1
[    1.440549] smpboot: CPU0: Intel(R) Core(TM) i5-3210M CPU @ 2.50GHz (family: 0x6, model: 0x3a, stepping: 0x9)
[    1.459156] Performance Events: unsupported p6 CPU model 58 no PMU driver, software events only.
[    1.481200] KVM setup paravirtual spinlock
[    1.497045] x86: Booting SMP configuration:
[    1.503819] .... node  #0, CPUs:      #1
[    1.510171] kvm-clock: cpu 1, msr 0:7ffe3041, secondary cpu clock
[    1.530101] mce: CPU supports 0 MCE banks
[    1.558402] x86: Booted up 1 node, 2 CPUs
[    1.560183] smpboot: Total of 2 processors activated (9977.26 BogoMIPS)
[    1.563612] devtmpfs: initialized
[    1.566695] evm: security.selinux
[    1.569648] evm: security.SMACK64
[    1.573453] evm: security.SMACK64EXEC
[    1.579498] evm: security.SMACK64TRANSMUTE
[    1.581303] evm: security.SMACK64MMAP
[    1.584521] evm: security.ima
[    1.585671] evm: security.capability
[    1.587336] clocksource: jiffies: mask: 0xffffffff max_cycles: 0xffffffff, max_idle_ns: 7645041785100000 ns
[    1.590649] futex hash table entries: 512 (order: 3, 32768 bytes)
[    1.596221] pinctrl core: initialized pinctrl subsystem
[    1.599968] RTC time: 10:45:44, date: 08/09/18
[    1.604706] NET: Registered protocol family 16
[    1.616606] cpuidle: using governor ladder
[    1.632590] cpuidle: using governor menu
[    1.640484] PCCT header not found.
[    1.641866] ACPI: bus type PCI registered
[    1.652463] acpiphp: ACPI Hot Plug PCI Controller Driver version: 0.5
[    1.667208] PCI: Using configuration type 1 for base access
[    1.685266] ACPI: Added _OSI(Module Device)
[    1.687266] ACPI: Added _OSI(Processor Device)
[    1.691798] ACPI: Added _OSI(3.0 _SCP Extensions)
[    1.693462] ACPI: Added _OSI(Processor Aggregator Device)
[    1.702885] ACPI: Executed 1 blocks of module-level executable AML code
[    1.707668] ACPI: Interpreter enabled
[    1.712533] ACPI: (supports S0 S5)
[    1.714160] ACPI: Using IOAPIC for interrupt routing
[    1.717253] PCI: Using host bridge windows from ACPI; if necessary, use "pci=nocrs" and report a bug
[    1.735499] ACPI: PCI Root Bridge [PCI0] (domain 0000 [bus 00-ff])
[    1.741107] acpi PNP0A03:00: _OSC: OS supports [ASPM ClockPM Segments MSI]
[    1.743915] acpi PNP0A03:00: _OSC: not requesting OS control; OS requires [ExtendedConfig ASPM ClockPM MSI]
[    1.756249] acpi PNP0A03:00: fail to add MMCONFIG information, can't access extended PCI configuration space under this bridge.
[    1.762186] PCI host bridge to bus 0000:00
[    1.765582] pci_bus 0000:00: root bus resource [io  0x0000-0x0cf7 window]
[    1.768210] pci_bus 0000:00: root bus resource [io  0x0d00-0xffff window]
[    1.771504] pci_bus 0000:00: root bus resource [mem 0x000a0000-0x000bffff window]
[    1.774187] pci_bus 0000:00: root bus resource [mem 0x80000000-0xfdffffff window]
[    1.778035] pci_bus 0000:00: root bus resource [bus 00-ff]
[    1.786456] pci 0000:00:01.1: legacy IDE quirk: reg 0x10: [io  0x01f0-0x01f7]
[    1.791930] pci 0000:00:01.1: legacy IDE quirk: reg 0x14: [io  0x03f6]
[    1.795832] pci 0000:00:01.1: legacy IDE quirk: reg 0x18: [io  0x0170-0x0177]
[    1.810501] pci 0000:00:01.1: legacy IDE quirk: reg 0x1c: [io  0x0376]
[    1.879060] pci 0000:00:07.0: quirk: [io  0x4000-0x403f] claimed by PIIX4 ACPI
[    1.891880] pci 0000:00:07.0: quirk: [io  0x4100-0x410f] claimed by PIIX4 SMB
[    1.919700] ACPI: PCI Interrupt Link [LNKA] (IRQs 5 9 10 *11)
[    1.926141] ACPI: PCI Interrupt Link [LNKB] (IRQs 5 9 *10 11)
[    1.929735] ACPI: PCI Interrupt Link [LNKC] (IRQs 5 *9 10 11)
[    1.934427] ACPI: PCI Interrupt Link [LNKD] (IRQs 5 9 10 *11)
[    1.939998] ACPI: Enabled 2 GPEs in block 00 to 07
[    1.946626] vgaarb: setting as boot device: PCI:0000:00:02.0
[    1.951685] vgaarb: device added: PCI:0000:00:02.0,decodes=io+mem,owns=io+mem,locks=none
[    1.954636] vgaarb: loaded
[    1.955715] vgaarb: bridge control possible 0000:00:02.0
[    1.958097] SCSI subsystem initialized
[    1.967078] ACPI: bus type USB registered
[    1.971835] usbcore: registered new interface driver usbfs
[    1.976537] usbcore: registered new interface driver hub
[    1.978470] usbcore: registered new device driver usb
[    1.982795] PCI: Using ACPI for IRQ routing
[    1.984823] NetLabel: Initializing
[    1.990134] NetLabel:  domain hash size = 128
[    1.992281] NetLabel:  protocols = UNLABELED CIPSOv4
[    1.994601] NetLabel:  unlabeled traffic allowed by default
[    2.001264] amd_nb: Cannot enumerate AMD northbridges
[    2.003703] clocksource: Switched to clocksource kvm-clock
[    2.023941] AppArmor: AppArmor Filesystem Enabled
[    2.030946] pnp: PnP ACPI init
[    2.034387] pnp: PnP ACPI: found 3 devices
[   .0081]clocksource: acpi_pm: mask: 0xffffff max_cycles: 0xffffff, max_idle_ns: 2085701024 ns
[   .1012] NET: Registered protocol family 2

[    2.299791] TCP established hash table entries: 16384 (order: 5, 131072 bytes)
[    2.302578] TCP bind hash table entries: 16384 (order: 6, 262144 bytes)
[   2.306428] TCP: Hash tables configured (established 16384 bind 16384)
[   .3422]UD hsh table entries: 1024 (order: 3, 32768 bytes)
[    2.540104] UDP-Lite hash table entries: 1024 (order: 3, 32768 bytes)
[    2.543331] NET: Registered protol family 1
[    2.666061] pci 0000:00:00.0: Limiting direct PCI/PCI transfers
[    2.668822] pci 0000:00:01.0: Activating ISA DMA hang workarounds
[    2.671702] Unpacking initramfs...

[    2.951669] Freeing initrd memory: 15368K
[    2.954265] RAPL PMU detected, API unit is 2^-32 Joules, 3 fixed counters 10737418240 ms ovfl timer
[    2.959336] hw unit of domain pp0-core 2^-0 Joules
[    2.961810] hw unit of domain package 2^-0 Joules
[    2.963991] hw unit of domain pp1-gpu 2^-0 Joules
[    2.966399] platform rtc_cmos: registered platform RTC device (no PNP device found)
[    2.969828] Scanning for low memory corruption every 60 seconds
[    2.972815] audit: initializing netlink subsys (disabled)
[    2.974689] audit: type=2000 audit(1533811549.831:1): initialized
[    2.985572] Initialise system trusted keyring
[    2.993040] HugeTLB registered 2 MB page size, pre-allocated 0 pages
[    2.996759] zbud: loaded
[    3.002564] VFS: Disk quotas dquot_6.6.0
[    3.004202] VFS: Dquot-cache hash table entries: 512 (order 0, 4096 bytes)
[    3.006734] squashfs: version 4.0 (2009/01/31) Phillip Lougher
[    3.012108] fuse init (API version 7.23)
[    3.013693] Key type big_key registered
[    3.047274] Allocating IMA MOK and blacklist keyrings.
[    3.053740] Key type asymmetric registered
[    3.055464] Asymmetric key parser 'x509' registered
[    3.071537] Block layer SCSI generic (bsg) driver version 0.4 loaded (major 249)
[    3.075783] io scheduler noop registered
[    3.083194] io scheduler deadline registered (default)
[    3.091208] io scheduler cfq registered
[    3.098656] pci_hotplug: PCI Hot Plug PCI Core version: 0.5
[    3.112003] pciehp: PCI Express Hot Plug Controller Driver version: 0.4
[    3.114578] ACPI: AC Adapter [AC] (on-line)
[    3.131470] input: Power Button as /devices/LNXSYSTM:00/LNXPWRBN:00/input/input0
[    3.135357] ACPI: Power Button [PWRF]
[    3.137956] input: Sleep Button as /devices/LNXSYSTM:00/LNXSLPBN:00/input/input1
[    3.151590] ACPI: Sleep Button [SLPF]
[    3.171211] GHES: HEST is not enabled!
[    3.173806] Serial: 8250/16550 driver, 32 ports, IRQ sharing enabled
[    3.207999] 00:02: ttyS0 at I/O 0x3f8 (irq = 4, base_baud = 115200) is a 16550A
[    3.214521] Linux agpgart interface v0.103
[    3.232687] loop: module loaded
[    3.235052] scsi host0: ata_piix
[    3.236729] scsi host1: ata_piix
[    3.238038] ata1: PATA max UDMA/33 cmd 0x1f0 ctl 0x3f6 bmdma 0xd000 irq 14
[    3.240497] ata2: PATA max UDMA/33 cmd 0x170 ctl 0x376 bmdma 0xd008 irq 15
[    3.242966] libphy: Fixed MDIO Bus: probed
[    3.257150] tun: Universal TUN/TAP device driver, 1.6
[    3.271076] tun: (C) 1999-2004 Max Krasnyansky <maxk@qualcomm.com>
[    3.273318] PPP generic driver version 2.4.2
[    3.278869] ehci_hcd: USB 2.0 'Enhanced' Host Controller (EHCI) Driver
[    3.282611] ehci-pci: EHCI PCI platform driver
[    3.297190] ehci-platform: EHCI generic platform driver
[    3.324820] ohci_hcd: USB 1.1 'Open' Host Controller (OHCI) Driver
[    3.327207] ohci-pci: OHCI PCI platform driver
[    3.331202] ohci-platform: OHCI generic platform driver
[    3.334528] uhci_hcd: USB Universal Host Controller Interface driver
[    3.336839] i8042: PNP: PS/2 Controller [PNP0303:PS2K,PNP0f03:PS2M] at 0x60,0x64 irq 1,12
[    3.343046] serio: i8042 KBD port at 0x60,0x64 irq 1
[    3.344877] serio: i8042 AUX port at 0x60,0x64 irq 12
[    3.346784] mousedev: PS/2 mouse device common for all mice
[    3.352103] rtc_cmos rtc_cmos: rtc core: registered rtc_cmos as rtc0
[    3.354350] rtc_cmos rtc_cmos: alarms up to one day, 114 bytes nvram
[    3.356642] input: AT Translated Set 2 keyboard as /devices/platform/i8042/serio0/input/input2
[    3.362621] i2c /dev entries driver
[   .34210] device-mapper: uevent: version 1.0.3

[    3.445056] device-mapper: ioctl: 4.34.0-ioctl (2015-10-28) initialised: dm-devel@redhat.com
[    3.452659] ledtrig-cpu: registered to indicate activity on CPUs
[    3.455624] NET: Registered protocol family 10
[    3.458179] NET: Registered protocol family 17
[    3.461273] Key type dns_resolver registered
[    3.463097] registered taskstats version 1
[    3.465850] Loading compiled-in X.509 certificates
[    3.468540] Loaded X.509 cert 'Build time autogenerated kernel key: 8f274abdf49cd12572c1533a34d1eafea768213f'
[    3.474327] zswap: loaded using pool lzo/zbud
[    3.480441] Key type trusted registered
[    3.486186] Key type encrypted registered
[    3.487688] AppArmor: AppArmor sha1 policy hashing enabled
[    3.492004] ima: No TPM chip found, activating TPM-bypass!
[    3.498963] ima: Allocated hash algorithm: sha1
[    3.511841] evm: HMAC attrs: 0x1
[    3.513753]   Magic number: 14:981:779
[    3.515518] rtc_cmos rtc_cmos: setting system clock to 2018-08-09 10:45:45 UTC (1533811545)
[    3.518710] BIOS EDD facility v0.16 2004-Jun-25, 0 devices found
[    3.521169] EDD information not available.
[    3.524347] Freeing unused kernel memory: 1516K
[    3.548054] Write protecting the kernel read-only data: 14336k
[    3.552670] Freeing unused kernel memory: 1680K
[    3.554619] Freeing unused kernel memory: 96K
Loading, please wait...
starting version[    3.573354] random: systemd-udevd: uninitialized urandom read (16 bytes read, 3 bits of entropy available)
 229
[    3.574175] random: udevadm: uninitialized urandom read (16 bytes read, 3 bits of entropy available)
[    3.574203] random: udevadm: uninitialized urandom read (16 bytes read, 3 bits of entropy available)
[    3.587649] random: udevadm: uninitialized urandom read (16 bytes read, 3 bits of entropy available)
[    3.587756] random: udevadm: uninitialized urandom read (16 bytes read, 3 bits of entropy available)
[    3.587943] random: udevadm: uninitialized urandom read (16 bytes read, 3 bits of entropy available)
[    3.588013] random: udevadm: uninitialized urandom read (16 bytes read, 3 bits of entropy available)
[    3.588079] random: udevadm: uninitialized urandom read (16 bytes read, 3 bits of entropy available)
[    3.588142] random: udevadm: uninitialized urandom read (16 bytes read, 3 bits of entropy available)
[    3.588207] random: udevadm: uninitialized urandom read (16 bytes read, 3 bits of entropy available)
[    3.672336] e1000: Intel(R) PRO/1000 Network Driver - version 7.3.21-k8-NAPI
[    3.675786] e1000: Copyright (c) 1999-2006 Intel Corporation.
[    3.691465] Fusion MPT base driver 3.04.20
[    3.694011] Copyright (c) 1999-2008 LSI Corporation
[    3.703194] Fusion MPT SPI Host driver 3.04.20
[    3.755560] AVX version of gcm_enc/dec engaged.
[    3.772879] AES CTR mode by8 optimization enabled
[    3.898105] input: ImExPS/2 Generic Explorer Mouse as /devices/platform/i8042/serio1/input/input4
[    3.967492] tsc: Refined TSC clocksource calibration: 2493.673 MHz
[    3.970840] clocksource: tsc: mask: 0xffffffffffffffff max_cycles: 0x23f1e10d20f, max_idle_ns: 440795259161 ns
[    4.216006] e1000 0000:00:03.0 eth0: (PCI:33MHz:32-bit) 02:1d:ce:99:1f:8c
[    4.514056] e1000 0000:00:03.0 eth0: Intel(R) PRO/1000 Network Connection
[    4.518319] e1000 0000:00:03.0 enp0s3: renamed from eth0
[    4.521961] mptbase: ioc0: Initiating bringup
[    4.592110] ioc0: LSI53C1030 A0: Capabilities={Initiator}
[    4.785372] scsi host2: ioc0: LSI53C1030 A0, FwRev=00000000h, Ports=1, MaxQ=256, IRQ=20
[    4.908956] scsi 2:0:0:0: Direct-Access     VBOX     HARDDISK         1.0  PQ: 0 ANSI: 5
[    5.173095] scsi target2:0:0: Beginning Domain Validation
[    5.176741] scsi target2:0:0: Domain Validation skipping write tests
[    5.178895] scsi target2:0:0: Ending Domain Validation
[    5.191113] scsi target2:0:0: asynchronous
[    5.193553] scsi 2:0:1:0: Direct-Access     VBOX     HARDDISK         1.0  PQ: 0 ANSI: 5
[    5.196503] scsi target2:0:1: Beginning Domain Validation
[    5.199797] scsi target2:0:1: Domain Validation skipping write tests
[    5.202008] scsi target2:0:1: Ending Domain Validation
[    5.203855] scsi target2:0:1: asynchronous
[    5.214935] sd 2:0:0:0: [sda] 20971520 512-byte logical blocks: (10.7 GB/10.0 GiB)
[    5.215008] sd 2:0:0:0: Attached scsi generic sg0 type 0
[    5.215958] sd 2:0:1:0: [sdb] 20480 512-byte logical blocks: (10.5 MB/10.0 MiB)
[    5.216488] sd 2:0:1:0: [sdb] Write Protect is off
[    5.216521] sd 2:0:1:0: Attached scsi generic sg1 type 0
[    5.216800] sd 2:0:1:0: [sdb] Incomplete mode parameter data
[    5.216802] sd 2:0:1:0: [sdb] Assuming drive cache: write through
[    5.220597] sd 2:0:1:0: [sdb] Attached SCSI disk
[    5.259199] sd 2:0:0:0: [sda] Write Protect is off
[    5.261268] sd 2:0:0:0: [sda] Incomplete mode parameter data
[    5.263178] sd 2:0:0:0: [sda] Assuming drive cache: write through
[    5.271689]  sda: sda1
[    5.273978] sd 2:0:0:0: [sda] Attached SCSI disk
Begin: Loading essential drivers ... [    6.661755] md: linear personality registered for level -1
[    6.667179] md: multipath personality registered for level -4
[    6.673185] md: raid0 personality registered for level 0
[    6.678829] md: raid1 personality registered for level 1
[    6.751972] raid6: sse2x1   gen()  7165 MB/s
[    6.819873] raid6: sse2x1   xor()  6517 MB/s
[    6.887935] raid6: sse2x2   gen()  8804 MB/s
[    6.956234] raid6: sse2x2   xor()  6607 MB/s
[    7.026526] raid6: sse2x4   gen() 11478 MB/s
[    7.098531] raid6: sse2x4   xor()  8462 MB/s
[    7.100470] raid6: using algorithm sse2x4 gen() 11478 MB/s
[    7.108570] raid6: .... xor() 8462 MB/s, rmw enabled
[    7.111640] raid6: using ssse3x2 recovery algorithm
[    7.120845] xor: automatically using best checksumming function:
[    7.159955]    avx       : 17439.000 MB/sec
[    7.167086] async_tx: api initialized (async)
[    7.196500] md: raid6 personality registered for level 6
[    7.207533] md: raid5 personality registered for level 5
[    7.212178] md: raid4 personality registered for level 4
[    7.232594] md: raid10 personality registered for level 10
done.
Begin: Running /scripts/init-premount ... done.
Begin: Mounting root file system ... Begin: Running /scripts/local-top ... done.
Begin: Running /scripts/local-premount ... [    7.288545] Btrfs loaded
Scanning for Btrfs filesystems
done.
Warning: fsck not present, so skipping root file system
[    7.331651] EXT4-fs (sda1): mounted filesystem with ordered data mode. Opts: (null)
done.
Begin: Running /scripts/local-bottom ... done.
Begin: Running /scripts/init-bottom ... done.
[    7.512160] systemd[1]: systemd 229 running in system mode. (+PAM +AUDIT +SELINUX +IMA +APPARMOR +SMACK +SYSVINIT +UTMP +LIBCRYPTSETUP +GCRYPT +GNUTLS +ACL +XZ -LZ4 +SECCOMP +BLKID +ELFUTILS +KMOD -IDN)
[    7.518179] systemd[1]: Detected virtualization oracle.
[    7.521737] systemd[1]: Detected architecture x86-64.

Welcome to [1mUbuntu 16.04.5 LTS[0m!

[    7.530564] systemd[1]: Set hostname to <ubuntu64>.
[    7.793474] systemd[1]: Listening on LVM2 metadata daemon socket.
[[0;32m  OK  [0m] Listening on LVM2 metadata daemon socket.
[    7.802518] systemd[1]: Reached target Encrypted Volumes.
[[0;32m  OK  [0m] Reached target Encrypted Volumes.
[   .8067]systemd[1]: Created slice User and Session Slice.
[[0;32m  OK  [0m] Created slice User and Session Slice.
[    7.970720] systemd[1]: Created slice System Slice.
[[0;32m  OK  [0m] Created slice System Slice.
[    7.983542] systemd[1]: Reached target Swap.
[[0;32m  OK  [0m] Reached target Swap.
[    7.997098] systemd[1]: Created slice system-postgresql.slice.
[[0;32m  OK  [0m] Created slice system-postgresql.slice.
[    8.006177] systemd[1]: Listening on Device-mapper event daemon FIFOs.
[[0;32m  OK  [0m] Listening on Device-mapper event daemon FIFOs.
[    8.015958] systemd[1]: Listening on Journal Socket (/dev/log).
[[0;32m  OK  [0m] Listening on Journal Socket (/dev/log).
[    8.025926] systemd[1]: Started Forward Password Requests to Wall Directory Watch.
[[0;32m  OK  [0m] Started Forward Password Requests to Wall Directory Watch.
[    8.036438] systemd[1]: Created slice system-serial\x2dgetty.slice.
[[0;32m  OK  [0m] Created slice system-serial\x2dgetty.slice.
[    8.045422] systemd[1]: Listening on Journal Socket.
[[0;32m  OK  [0m] Listening on Journal Socket.
[    8.072428] systemd[1]: Starting Load Kernel Modules...
         Starting Load Kernel Modules...
[    8.077926] systemd[1]: Listening on LVM2 poll daemon socket.
[[0;32m  OK  [0m] Listening on LVM2 poll daemon socket.
[    8.089369] Loading iSCSI transport class v2.0-870.
[    8.089504] systemd[1]: Reached target User and Group Name Lookups.
[[0;32m  OK  [0m] Reached target User and Group Name Lookups.
[    8.106243] systemd[1]: Listening on Journal Audit Socket.
[[0;32m  OK  [0[    8.112953] iscsi: registered transport (tcp)
m] Listening on Journal Audit Socket.
[    8.127452] systemd[1]: Listening on /dev/initctl Compatibility Named Pipe.
[[0;32m  OK  [0m] Listening on /dev/initctl Compatibility Named Pipe.
[    8.147334] systemd[1]: Reached target System Time Synchronized.
[[0;32m  OK  [0m] Reached target System Time Synchronized.
[    8.168035] systemd[1]: Starting Create list of required static device nodes for the current kernel...
         Starting Create list of required st... nodes for the current kernel...
[    8.178658] iscsi: registered transport (iser)
[    8.181459] systemd[1]: Mounting POSIX Message Queue File System...
         Mounting POSIX Message Queue File System...
[    8.191713] systemd[1]: Starting Set console keymap...
         Starting Set console keymap...
[    8.204518] systemd[1]: Listening on udev Control Socket.
[[0;32m  OK  [0m] Listening on udev Control Socket.
[    8.212324] systemd[1]: Listening on udev Kernel Socket.
[[0;32m  OK  [0m] Listening on udev Kernel Socket.
[    8.218077] systemd[1]: Started Trigger resolvconf update for networkd DNS.
[[0;32m  OK  [0m] Started Trigger resolvconf update for networkd DNS.
[    8.224521] systemd[1]: Reached target Slices.
[[0;32m  OK  [0m] Reached target Slices.
[    8.248663] systemd[1]: Starting Monitoring of LVM2 mirrors, snapshots etc. using dmeventd or progress polling...
         Starting Monitoring of LVM2 mirrors... dmeventd or progress polling...
[    8.257689] systemd[1]: Listening on Syslog Socket.
[[0;32m  OK  [0m] Listening on Syslog Socket.
[    8.265536] systemd[1]: Starting Journal Service...
         Starting Journal Service...
[    8.274845] systemd[1]: Mounting Huge Pages File System...
         Mounting Huge Pages File System...
[    8.289479] systemd[1]: Set up automount Arbitrary Executable File Formats File System Automount Point.
[[0;32m  OK  [0m] Set up automount Arbitrary Executab...ats File System Automount Point.
[    8.305637] systemd[1]: Mounting Debug File System...
         Mounting Debug File System...
[    8.348273] systemd[1]: Starting Nameserver information manager...
         Starting Nameserver information manager...
[    8.406420] systemd[1]: Starting Remount Root and Kernel File Systems...
         Starting Remount[    8.438179] EXT4-fs (sda1): re-mounted. Opts: (null)
 Root and Kernel File Systems...
[    8.500088] systemd[1]: Starting Uncomplicated firewall...
         Starting Uncomplicated firewall...
[    8.550145] systemd[1]: Mounted POSIX Message Queue File System.
[[0;32m  OK  [0m] Mounted POSIX Message Queue File System.
[    8.579725] systemd[1]: Mounted Huge Pages File System.
[[0;32m  OK  [0m] Mounted Huge Pages File System.
[    8.587443] systemd[1]: Mounted Debug File System.
[[0;32m  OK  [0m] Mounted Debug File System.
[    8.599212] systemd[1]: Started Journal Service.
[[0;32m  OK  [0m] Started Journal Service.
[[0;32m  OK  [0m] Started Load Kernel Modules.
[[0;32m  OK  [0m] Started Create list of required sta...ce nodes for the current kernel.
[[0;32m  OK  [0m] Started Set console keymap.
[[0;32m  OK  [0m] Started Remount Root and Kernel File Systems.
[[0;32m  OK  [0m] Started Uncomplicated firewall.
[[0;32m  OK  [0m] Started Nameserver information manager.
[    8.749115] random: nonblocking pool is initialized
[[0;32m  OK  [0m] Started LVM2 metadata daemon.
         Starting Load/Save Random Seed...
         Starting udev Coldplug all Devices...
         Starting Create Static Device Nodes in /dev...
         Starting Apply Kernel Variables...
         Mounting FUSE Control File System...
         Starting Flush Journal to Persistent Storage...
[[0;32m  OK  [0m] Mounted FUSE Control File System.
[[0;32m  OK  [0m] Started Load/Save Random Seed.
[[0;32m  OK  [0m] Started Create Static Device Nodes in /dev.
[[0;32m  OK  [0m] Started Apply Kernel Variables.
[[0;32m  OK  [0m] Started udev Coldplug all Devices.
[[0;32m  OK  [0m] Started Flush Journal to Persistent Storage.
         Starting udev Kernel Device Manager...
[[0;32m  OK  [0m] Started udev Kernel Device Manager.
[[0;32m  OK  [0m] Started Dispatch Password Requests to Console Directory Watch.
[[0;32m  OK  [0m] Started Monitoring of LVM2 mirrors,...ng dmeventd or progress polling.
[[0;32m  OK  [0m] Reached target Local File Systems (Pre).
[[0;32m  OK  [0m] Reached target Local File Systems.
         Starting Create Volatile Files and Directories...
         Starting LSB: AppArmor initialization...
         Starting Initial cloud-init job (pre-networking)...
         Starting Set console font and keymap...
         Starting Tell Plymouth To Write Out Runtime Data...
         Starting Enable support for additional executable binary formats...
[[0;32m  OK  [0m] Started Tell Plymouth To Write Out Runtime Data.
[[0;32m  OK  [0m] Found device /dev/ttyS0.
[[0;32m  OK  [0m] Started Create Volatile Files and Directories.
         Starting Update UTMP about System Boot/Shutdown...
         Mounting Arbitrary Executable File Formats File System...
[[0;32m  OK  [0m] Mounted Arbitrary Executable File Formats File System.
[[0;32m  OK  [0m] Started LSB: AppArmor initialization.
[[0;32m  OK  [0m] Started Enable support for additional executable binary formats.
[[0;32m  OK  [0m] Started Update UTMP about System Boot/Shutdown.
[[0;32m  OK  [0m] Listening on Load/Save RF Kill Switch Status /dev/rfkill Watch.
[[0;32m  OK  [0m] Found device 82540EM Gigabit Ethern...r (PRO/1000 MT Desktop Adapter).
[[0;32m  OK  [0m] Started Set console font and keymap.
[[0;32m  OK  [0m] Created slice system-getty.slice.
[    9.420838] cloud-init[488]: Cloud-init v. 18.3-9-g2e62cb8a-0ubuntu1~16.04.2 running 'init-local' at Thu, 09 Aug 2018 10:45:52 +0000. Up 8.97 seconds.
[[0;32m  OK  [0m] Started Initial cloud-init job (pre-networking).
[[0;32m  OK  [0m] Reached target Network (Pre).
         Starting Raise network interfaces...
[[0;32m  OK  [0m] Started ifup for enp0s3.
[[0;32m  OK  [0m] Started Raise network interfaces.
         Starting Initial cloud-init job (metadata service crawler)...
[[0;32m  OK  [0m] Reached target Network.
[   10.810595] cloud-init[956]: Cloud-init v. 18.3-9-g2e62cb8a-0ubuntu1~16.04.2 running 'init' at Thu, 09 Aug 2018 10:45:53 +0000. Up 9.99 seconds.
[   10.821031] cloud-init[956]: ci-info: ++++++++++++++++++++++++++++++++++++++Net device info++++++++++++++++++++++++++++++++++++++
[   10.830454] cloud-init[956]: ci-info: +--------+------+----------------------------+---------------+--------+-------------------+
[   10.844919] cloud-init[956]: ci-info: | Device |  Up  |          Address           |      Mask     | Scope  |     Hw-Address    |
[   10.859326] cloud-init[956]: ci-info: +--------+------+----------------------------+---------------+--------+-------------------+
[   10.874827] cloud-init[956]: ci-info: | enp0s3 | True |         10.0.2.15          | 255.255.255.0 | global | 02:1d:ce:99:1f:8c |
[   10.888332] cloud-init[956]: ci-info: | enp0s3 | True | fe80::1d:ceff:fe99:1f8c/64 |       .       |  link  | 02:1d:ce:99:1f:8c |
[   10.904745] [[0;32m  OK  [0m] Started Initial cloud-init job (metadata service crawler).
[[0;32m  OK  [0m] Reached target Cloud-config availability.
[[0;32m  OK  [0m] Reached target Network is Online.
cloud-init[956]: ci-info: |   lo   | True |         127.0.0.1          |   255.0.0.0   |  host  |         .         |
[   10.932956] cloud-init[956]: ci-info: |   lo   | True |          ::1/128           |       .       |  host  |         .         |
[   10.946336] cloud-init[956]: ci-info: +--------+------+----------------------------+---------------+--------+-------------------+
         Starting iSCSI initiator daemon (iscsid)...
[   10.956384] [[0;32m  OK  [0m] Reached target System Initialization.
[cloud-init[956]: [0;32m  OK  [0m] Listening on ACPID Listen Socket.
ci-info: +++++++++++++++++++++++++++Route IPv4 info++++++++++++++++++++++++++++         Starting LXD - unix socket.
         Starting Socket activation for snappy daemon.

[   10.981269] [[0;32m  OK  [0m] Started Clean PHP session files every 30 mins.
cloud-init[[0;32m  OK  [0m] Started ACPI Events Check.
[[0;32m  OK  [0m] Reached target Paths.
[956]: ci-info: +-------+-------------+----------+---------------+-----------+-------+
[   11.004847] [[0;32m  OK  [0m] Started Daily apt download activities.
[[0;32m  OK  [0m] Started Daily apt upgrade and clean activities.
cloud-init[956]: ci-info: | Route | Destination | Gateway  |    Genmask    | Interface | Flags |
[[0;32m  OK  [0m] Listening on D-Bus System Message Bus Socket.
[   11.024348] [cloud-init[0;32m  OK  [0m[956]: ] ci-info: +-------+-------------+----------+---------------+-----------+-------+Listening on UUID daemon activation socket.

[   11.036248] [[0;32m  OK  [0m] Started Daily Cleanup of Temporary Directories.
[[0;32m  OK  [0m] Reached target Timers.
cloud-init[956]: ci-info: |   0   |   0.0.0.0   | 10.0.2.2 |    0.0.0.0    |   enp0s3  |   UG  |
[   11.080289] cloud-init[956]: ci-info: |   1   |   10.0.2.0  | 0.0.0.0  | 255.255.255.0 |   enp0s3  |   U   |
[[0;32m  OK  [0m] Listening on LXD - unix socket.
[[0;32m  OK  [0m] Listening on Socket activation for snappy daemon.
[[0;32m  OK  [0m] Started iSCSI initiator daemon (iscsid).
[   11.092704] cloud-init[956]: ci-info: +-------+-------------+----------+---------------+-----------+-------+
[   11.115854] cloud-init[956]: ci-info: +++++++++++++++++++Route IPv6 info+++++++++++++++++++
[   11.127957] cloud-init[956]: ci-info: +-------+-------------+---------+-----------+-------+         Starting Login to default iSCSI targets...
[[0;32m  OK  [0m] Reached target Sockets.
[[0;32m  OK  [0m] Reached target Basic System.

[   11.138756] cloud-init[956]: ci-info: | Route | Destination | Gateway | Interface | Flags |
[   11.166068] cloud-init[956]: ci-info: +-------+-------------+---------+-----------+-------+
         Starting /etc/rc.local Compatibility...
[   11.180920] cloud-init[956]: ci-info: |   0   |  fe80::/64  |    ::   |   enp0s3  |   U   |
[   11.196769] cloud-init[956]: ci-info: |   3   |   ff00::/8  |    ::   |   enp0s3  |   U   |
         Starting LSB: MD monitoring daemon...
[   11.211594]          cloud-initStarting System Logging Service...[956]: 
ci-info: +-------+-------------+---------+-----------+-------+
[[0;32m  OK  [0m] Started D-Bus System Message Bus.
         Starting Accounts Service...
         Starting LSB: Record successful boot for GRUB...
[[0;32m  OK  [0m] Started Unattended Upgrades Shutdown.
[[0;32m  OK  [0m] Started Regular background program processing daemon.
         Starting Virtualbox guest utils...
[[0;32m  OK  [0m] Started ACPI event daemon.
         Starting Snappy daemon...
         Starting Login Service...
[[0;32m  OK  [0m] Started Deferred execution scheduler.
         Starting LXD - container startup/shutdown...
         Starting PostgreSQL Cluster 10-main...
         Starting OpenBSD Secure Shell server...
         Starting A high performance web server and a reverse proxy server...
         Starting The PHP 7.1 FastCGI Process Manager...
[[0;32m  OK  [0m] Started FUSE filesystem for LXC.
[[0;32m  OK  [0m] Started System Logging Service.
[[0;32m  OK  [0m] Started /etc/rc.local Compatibility.
[[0;32m  OK  [0m] Started OpenBSD Secure Shell server.
[[0;32m  OK  [0m] Started Login to default iSCSI targets.
[[0;32m  OK  [0m] Started LSB: Record successful boot for GRUB.
         Starting Authenticate and Authorize Users to Run Privileged Tasks...
[[0;32m  OK  [0m] Reached target Remote File Systems (Pre).
[[0;32m  OK  [0m] Reached target Remote File Systems.
         Starting LSB: daemon to balance interrupts for SMP systems...
         Starting Permit User Sessions...
         Starting LSB: automatic crash report generation...
         Starting LSB: Start/stop sysstat's sadc...
         Starting LSB: Set the CPU Frequency Scaling governor to "ondemand"...
[[0;32m  OK  [0m] Started LSB: MD monitoring daemon.
[[0;32m  OK  [0m] Started LXD - container startup/shutdown.
[[0;32m  OK  [0m] Started Permit User Sessions.
[[0;32m  OK  [0m] Started Login Service.
[[0;32m  OK  [0m] Started Authenticate and Authorize Users to Run Privileged Tasks.
         Starting Hold until boot process finishes up...
         Starting Terminate Plymouth Boot Screen...
[[0;32m  OK  [0m] Started LSB: Set the CPU Frequency Scaling governor to "ondemand".
[[0;32m  OK  [0m] Started LSB: automatic crash report generation.
[[0;32m  OK  [0m] Started Hold until boot process finishes up.
[[0;32m  OK  [0m] Started LSB: daemon to balance interrupts for SMP systems.
[[0;32m  OK  [0m] Started Terminate Plymouth Boot Screen.
[[0;32m  OK  [0m] Started Virtualbox guest utils.
[[0;32m  OK  [0m] Started A high performance web server and a reverse proxy server.
[[0;32m  OK  [0m] Started Accounts Service.
[[0;32m  OK  [0m] Started Snappy daemon.
[[0;32m  OK  [0m] Started LSB: Start/stop sysstat's sadc.
         Starting Wait until snapd is fully seeded...
[[0;32m  OK  [0m] Created slice User Slice of vagrant.
         Starting User Manager for UID 1000...
[[0;32m  OK  [0m] Started Session 1 of user vagrant.
         Starting Set console scheme...
[[0;32m  OK  [0m] Started Serial Getty on ttyS0.
[[0;32m  OK  [0m] Started Getty on tty1.
[[0;32m  OK  [0m] Reached target Login Prompts.
[[0;32m  OK  [0m] Started User Manager for UID 1000.
[[0;32m  OK  [0m] Started The PHP 7.1 FastCGI Process Manager.
[[0;32m  OK  [0m] Started Wait until snapd is fully seeded.
[[0;32m  OK  [0m] Started Set console scheme.
         Starting Apply the settings specified in cloud-config...
[   13.621010] cloud-init[1251]: Cloud-init v. 18.3-9-g2e62cb8a-0ubuntu1~16.04.2 running 'modules:config' at Thu, 09 Aug 2018 10:45:56 +0000. Up 13.45 seconds.
[[0;32m  OK  [0m] Started Apply the settings specified in cloud-config.
[[0;32m  OK  [0m] Started PostgreSQL Cluster 10-main.
         Starting PostgreSQL RDBMS...
[[0;32m  OK  [0m] Started PostgreSQL RDBMS.
[[0;32m  OK  [0m] Reached target Multi-User System.
[[0;32m  OK  [0m] Reached target Graphical Interface.
         Starting Update UTMP about System Runlevel Changes...
         Starting Execute cloud user/final scripts...
[[0;32m  OK  [0m] Started Update UTMP about System Runlevel Changes.
         Stopping User Manager for UID 1000...
[[0;32m  OK  [0m] Stopped User Manager for UID 1000.
[[0;32m  OK  [0m] Removed slice User Slice of vagrant.
[   15.874489] cloud-init[1423]: Cloud-init v. 18.3-9-g2e62cb8a-0ubuntu1~16.04.2 running 'modules:final' at Thu, 09 Aug 2018 10:45:59 +0000. Up 15.66 seconds.
[   15.889964] cloud-init[1423]: Cloud-init v. 18.3-9-g2e62cb8a-0ubuntu1~16.04.2 finished at Thu, 09 Aug 2018 10:45:59 +0000. Datasource DataSourceNoCloud [seed=/dev/sdb][dsmode=net].  Up 15.86 seconds
[[0;32m  OK  [0m] Started Execute cloud user/final scripts.
[[0;32m  OK  [0m] Reached target Cloud-init target.

Ubuntu 16.04.5 LTS ubuntu64 ttyS0

ubuntu64 login: 